{
  "D:\\projects\\AMNS\\sample.js": {
    "path": "D:\\projects\\AMNS\\sample.js",
    "statementMap": {
      "0": {
        "start": { "line": 1, "column": 19 },
        "end": { "line": 1, "column": 38 }
      },
      "1": {
        "start": { "line": 1, "column": 25 },
        "end": { "line": 1, "column": 38 }
      },
      "2": {
        "start": { "line": 2, "column": 0 },
        "end": { "line": 2, "column": 27 }
      }
    },
    "fnMap": {
      "0": {
        "name": "(anonymous_0)",
        "decl": {
          "start": { "line": 1, "column": 19 },
          "end": { "line": 1, "column": 20 }
        },
        "loc": {
          "start": { "line": 1, "column": 25 },
          "end": { "line": 1, "column": 38 }
        },
        "line": 1
      }
    },
    "branchMap": {},
    "s": { "0": 1, "1": 1, "2": 1 },
    "f": { "0": 1 },
    "b": {},
    "_coverageSchema": "1a1c01bbd47fc00a2c39e90264f33305004495a9",
    "hash": "4c292b47f4e8f362d8ca65353e7b24a451e994b3"
  }
}
